<?xml version="1.0" encoding="UTF-8"?>
<!-- Generated by org.testng.reporters.JUnitReportReporter -->
<testsuite hostname="VKARADE-NB" failures="0" tests="1" name="com.ER.testcases.LoginPageTest" time="979.522" errors="0" timestamp="2023-02-24T16:50:07 IST" skipped="0">
  <testcase classname="com.ER.testcases.LoginPageTest" name="loginTest" time="979.522"/>
  <system-out/>
</testsuite> <!-- com.ER.testcases.LoginPageTest -->
